<?xml version="1.0" encoding="UTF-8"?>
<coverage generated="1736162580269" clover="3.2.0">
  <project timestamp="1736162580269" name="All files">
    <metrics statements="142" coveredstatements="141" conditionals="45" coveredconditionals="42" methods="29" coveredmethods="29" elements="216" coveredelements="212" complexity="0" loc="142" ncloc="142" packages="3" files="6" classes="6"/>
    <package name="collectors">
      <metrics statements="73" coveredstatements="73" conditionals="19" coveredconditionals="16" methods="15" coveredmethods="15"/>
      <file name="CpuCollector.ts" path="/Users/user/projects/nova/spark/src/collectors/CpuCollector.ts">
        <metrics statements="24" coveredstatements="24" conditionals="6" coveredconditionals="5" methods="4" coveredmethods="4"/>
        <line num="22" count="1" type="stmt"/>
        <line num="35" count="5" type="stmt"/>
        <line num="36" count="5" type="stmt"/>
        <line num="37" count="5" type="stmt"/>
        <line num="38" count="5" type="stmt"/>
        <line num="49" count="5" type="cond" truecount="0" falsecount="1"/>
        <line num="51" count="5" type="stmt"/>
        <line num="52" count="5" type="stmt"/>
        <line num="53" count="5" type="stmt"/>
        <line num="64" count="7" type="cond" truecount="1" falsecount="0"/>
        <line num="66" count="5" type="stmt"/>
        <line num="67" count="5" type="stmt"/>
        <line num="68" count="5" type="stmt"/>
        <line num="102" count="6" type="cond" truecount="4" falsecount="0"/>
        <line num="103" count="2" type="stmt"/>
        <line num="106" count="4" type="stmt"/>
        <line num="107" count="4" type="stmt"/>
        <line num="108" count="4" type="stmt"/>
        <line num="110" count="4" type="stmt"/>
        <line num="111" count="4" type="stmt"/>
        <line num="112" count="4" type="stmt"/>
        <line num="114" count="4" type="stmt"/>
        <line num="115" count="4" type="stmt"/>
        <line num="117" count="4" type="stmt"/>
      </file>
      <file name="EventLoopCollector.ts" path="/Users/user/projects/nova/spark/src/collectors/EventLoopCollector.ts">
        <metrics statements="21" coveredstatements="21" conditionals="6" coveredconditionals="5" methods="5" coveredmethods="5"/>
        <line num="23" count="1" type="stmt"/>
        <line num="35" count="4" type="stmt"/>
        <line num="36" count="4" type="stmt"/>
        <line num="37" count="4" type="stmt"/>
        <line num="49" count="4" type="cond" truecount="0" falsecount="1"/>
        <line num="51" count="4" type="stmt"/>
        <line num="52" count="4" type="stmt"/>
        <line num="55" count="4" type="stmt"/>
        <line num="56" count="10" type="stmt"/>
        <line num="68" count="6" type="cond" truecount="1" falsecount="0"/>
        <line num="70" count="4" type="cond" truecount="1" falsecount="0"/>
        <line num="71" count="4" type="stmt"/>
        <line num="72" count="4" type="stmt"/>
        <line num="75" count="4" type="stmt"/>
        <line num="106" count="5" type="cond" truecount="1" falsecount="0"/>
        <line num="107" count="2" type="stmt"/>
        <line num="110" count="3" type="stmt"/>
        <line num="111" count="3" type="stmt"/>
        <line num="112" count="3" type="stmt"/>
        <line num="115" count="3" type="cond" truecount="2" falsecount="0"/>
        <line num="117" count="3" type="stmt"/>
      </file>
      <file name="MemoryCollector.ts" path="/Users/user/projects/nova/spark/src/collectors/MemoryCollector.ts">
        <metrics statements="28" coveredstatements="28" conditionals="7" coveredconditionals="6" methods="6" coveredmethods="6"/>
        <line num="22" count="1" type="stmt"/>
        <line num="33" count="4" type="stmt"/>
        <line num="34" count="4" type="stmt"/>
        <line num="35" count="4" type="stmt"/>
        <line num="46" count="4" type="cond" truecount="1" falsecount="0"/>
        <line num="47" count="3" type="stmt"/>
        <line num="48" count="3" type="stmt"/>
        <line num="59" count="5" type="cond" truecount="1" falsecount="0"/>
        <line num="60" count="3" type="stmt"/>
        <line num="61" count="3" type="stmt"/>
        <line num="89" count="6" type="cond" truecount="1" falsecount="0"/>
        <line num="90" count="1" type="stmt"/>
        <line num="93" count="5" type="stmt"/>
        <line num="94" count="5" type="stmt"/>
        <line num="95" count="5" type="stmt"/>
        <line num="98" count="5" type="stmt"/>
        <line num="99" count="5" type="cond" truecount="1" falsecount="0"/>
        <line num="100" count="1" type="stmt"/>
        <line num="104" count="5" type="stmt"/>
        <line num="106" count="5" type="stmt"/>
        <line num="143" count="5" type="stmt"/>
        <line num="153" count="5" type="cond" truecount="1" falsecount="0"/>
        <line num="155" count="3" type="stmt"/>
        <line num="156" count="3" type="stmt"/>
        <line num="158" count="3" type="stmt"/>
        <line num="159" count="5" type="stmt"/>
        <line num="162" count="3" type="stmt"/>
        <line num="174" count="5" type="cond" truecount="1" falsecount="1"/>
      </file>
    </package>
    <package name="core">
      <metrics statements="55" coveredstatements="54" conditionals="24" coveredconditionals="24" methods="9" coveredmethods="9"/>
      <file name="Agent.ts" path="/Users/user/projects/nova/spark/src/core/Agent.ts">
        <metrics statements="35" coveredstatements="34" conditionals="4" coveredconditionals="4" methods="7" coveredmethods="7"/>
        <line num="1" count="1" type="stmt"/>
        <line num="2" count="1" type="stmt"/>
        <line num="32" count="1" type="stmt"/>
        <line num="54" count="10" type="stmt"/>
        <line num="55" count="10" type="stmt"/>
        <line num="56" count="10" type="stmt"/>
        <line num="57" count="10" type="stmt"/>
        <line num="74" count="10" type="cond" truecount="1" falsecount="0"/>
        <line num="75" count="1" type="stmt"/>
        <line num="77" count="9" type="stmt"/>
        <line num="102" count="9" type="cond" truecount="1" falsecount="0"/>
        <line num="104" count="8" type="stmt"/>
        <line num="106" count="8" type="stmt"/>
        <line num="107" count="8" type="stmt"/>
        <line num="110" count="7" type="stmt"/>
        <line num="113" count="7" type="stmt"/>
        <line num="114" count="4" type="stmt"/>
        <line num="118" count="1" type="stmt"/>
        <line num="119" count="1" type="stmt"/>
        <line num="145" count="13" type="cond" truecount="1" falsecount="0"/>
        <line num="147" count="7" type="stmt"/>
        <line num="149" count="7" type="cond" truecount="1" falsecount="0"/>
        <line num="150" count="7" type="stmt"/>
        <line num="154" count="7" type="stmt"/>
        <line num="155" count="7" type="stmt"/>
        <line num="158" count="7" type="stmt"/>
        <line num="161" count="0" type="stmt"/>
        <line num="178" count="4" type="stmt"/>
        <line num="179" count="4" type="stmt"/>
        <line num="181" count="4" type="stmt"/>
        <line num="182" count="4" type="stmt"/>
        <line num="183" count="3" type="stmt"/>
        <line num="200" count="3" type="stmt"/>
        <line num="214" count="1" type="stmt"/>
        <line num="231" count="1" type="stmt"/>
      </file>
      <file name="Config.ts" path="/Users/user/projects/nova/spark/src/core/Config.ts">
        <metrics statements="20" coveredstatements="20" conditionals="20" coveredconditionals="20" methods="2" coveredmethods="2"/>
        <line num="90" count="6" type="stmt"/>
        <line num="155" count="40" type="cond" truecount="2" falsecount="0"/>
        <line num="156" count="40" type="cond" truecount="2" falsecount="0"/>
        <line num="157" count="40" type="cond" truecount="2" falsecount="0"/>
        <line num="158" count="40" type="cond" truecount="2" falsecount="0"/>
        <line num="159" count="40" type="cond" truecount="2" falsecount="0"/>
        <line num="160" count="40" type="cond" truecount="2" falsecount="0"/>
        <line num="161" count="40" type="cond" truecount="2" falsecount="0"/>
        <line num="164" count="40" type="stmt"/>
        <line num="167" count="40" type="stmt"/>
        <line num="179" count="40" type="cond" truecount="1" falsecount="0"/>
        <line num="180" count="1" type="stmt"/>
        <line num="182" count="39" type="cond" truecount="1" falsecount="0"/>
        <line num="183" count="1" type="stmt"/>
        <line num="185" count="38" type="cond" truecount="1" falsecount="0"/>
        <line num="186" count="1" type="stmt"/>
        <line num="188" count="37" type="cond" truecount="1" falsecount="0"/>
        <line num="189" count="1" type="stmt"/>
        <line num="191" count="36" type="cond" truecount="1" falsecount="0"/>
        <line num="192" count="1" type="stmt"/>
      </file>
    </package>
    <package name="streaming">
      <metrics statements="14" coveredstatements="14" conditionals="2" coveredconditionals="2" methods="5" coveredmethods="5"/>
      <file name="MetricsStream.ts" path="/Users/user/projects/nova/spark/src/streaming/MetricsStream.ts">
        <metrics statements="14" coveredstatements="14" conditionals="2" coveredconditionals="2" methods="5" coveredmethods="5"/>
        <line num="3" count="1" type="stmt"/>
        <line num="27" count="1" type="stmt"/>
        <line num="37" count="8" type="stmt"/>
        <line num="38" count="8" type="stmt"/>
        <line num="39" count="8" type="stmt"/>
        <line num="63" count="12" type="stmt"/>
        <line num="64" count="12" type="stmt"/>
        <line num="66" count="12" type="cond" truecount="1" falsecount="0"/>
        <line num="67" count="2" type="stmt"/>
        <line num="79" count="9" type="cond" truecount="1" falsecount="0"/>
        <line num="87" count="6" type="stmt"/>
        <line num="88" count="6" type="stmt"/>
        <line num="89" count="6" type="stmt"/>
        <line num="99" count="1" type="stmt"/>
      </file>
    </package>
  </project>
</coverage>
