{"/Users/user/projects/nova/spark/src/collectors/CpuCollector.ts": {"path":"/Users/user/projects/nova/spark/src/collectors/CpuCollector.ts","statementMap":{"0":{"start":{"line":35,"column":4},"end":{"line":35,"column":25}},"1":{"start":{"line":36,"column":4},"end":{"line":36,"column":27}},"2":{"start":{"line":37,"column":4},"end":{"line":37,"column":26}},"3":{"start":{"line":38,"column":4},"end":{"line":38,"column":30}},"4":{"start":{"line":49,"column":4},"end":{"line":49,"column":31}},"5":{"start":{"line":49,"column":24},"end":{"line":49,"column":31}},"6":{"start":{"line":51,"column":4},"end":{"line":51,"column":40}},"7":{"start":{"line":52,"column":4},"end":{"line":52,"column":42}},"8":{"start":{"line":53,"column":4},"end":{"line":53,"column":26}},"9":{"start":{"line":64,"column":4},"end":{"line":64,"column":32}},"10":{"start":{"line":64,"column":25},"end":{"line":64,"column":32}},"11":{"start":{"line":66,"column":4},"end":{"line":66,"column":26}},"12":{"start":{"line":67,"column":4},"end":{"line":67,"column":30}},"13":{"start":{"line":68,"column":4},"end":{"line":68,"column":27}},"14":{"start":{"line":102,"column":4},"end":{"line":104,"column":5}},"15":{"start":{"line":103,"column":6},"end":{"line":103,"column":77}},"16":{"start":{"line":106,"column":25},"end":{"line":106,"column":57}},"17":{"start":{"line":107,"column":24},"end":{"line":107,"column":58}},"18":{"start":{"line":108,"column":22},"end":{"line":108,"column":67}},"19":{"start":{"line":110,"column":20},"end":{"line":110,"column":47}},"20":{"start":{"line":111,"column":27},"end":{"line":111,"column":81}},"21":{"start":{"line":112,"column":29},"end":{"line":112,"column":85}},"22":{"start":{"line":114,"column":4},"end":{"line":114,"column":40}},"23":{"start":{"line":115,"column":4},"end":{"line":115,"column":42}},"24":{"start":{"line":117,"column":4},"end":{"line":132,"column":6}},"25":{"start":{"line":22,"column":0},"end":{"line":22,"column":13}}},"fnMap":{"0":{"name":"(anonymous_0)","decl":{"start":{"line":34,"column":2},"end":{"line":34,"column":14}},"loc":{"start":{"line":34,"column":28},"end":{"line":39,"column":3}}},"1":{"name":"(anonymous_1)","decl":{"start":{"line":48,"column":2},"end":{"line":48,"column":7}},"loc":{"start":{"line":48,"column":13},"end":{"line":54,"column":3}}},"2":{"name":"(anonymous_2)","decl":{"start":{"line":63,"column":2},"end":{"line":63,"column":7}},"loc":{"start":{"line":63,"column":12},"end":{"line":69,"column":3}}},"3":{"name":"(anonymous_3)","decl":{"start":{"line":101,"column":2},"end":{"line":101,"column":7}},"loc":{"start":{"line":101,"column":15},"end":{"line":177,"column":3}}}},"branchMap":{"0":{"loc":{"start":{"line":49,"column":4},"end":{"line":49,"column":31}},"type":"if","locations":[{"start":{"line":49,"column":4},"end":{"line":49,"column":31}}]},"1":{"loc":{"start":{"line":64,"column":4},"end":{"line":64,"column":32}},"type":"if","locations":[{"start":{"line":64,"column":4},"end":{"line":64,"column":32}}]},"2":{"loc":{"start":{"line":102,"column":4},"end":{"line":104,"column":5}},"type":"if","locations":[{"start":{"line":102,"column":4},"end":{"line":104,"column":5}}]},"3":{"loc":{"start":{"line":102,"column":8},"end":{"line":102,"column":65}},"type":"binary-expr","locations":[{"start":{"line":102,"column":8},"end":{"line":102,"column":23}},{"start":{"line":102,"column":27},"end":{"line":102,"column":42}},{"start":{"line":102,"column":46},"end":{"line":102,"column":65}}]}},"s":{"0":5,"1":5,"2":5,"3":5,"4":5,"5":0,"6":5,"7":5,"8":5,"9":7,"10":2,"11":5,"12":5,"13":5,"14":6,"15":2,"16":4,"17":4,"18":4,"19":4,"20":4,"21":4,"22":4,"23":4,"24":4,"25":1},"f":{"0":5,"1":5,"2":7,"3":6},"b":{"0":[0],"1":[2],"2":[2],"3":[6,4,4]}}
,"/Users/user/projects/nova/spark/src/collectors/EventLoopCollector.ts": {"path":"/Users/user/projects/nova/spark/src/collectors/EventLoopCollector.ts","statementMap":{"0":{"start":{"line":35,"column":4},"end":{"line":35,"column":25}},"1":{"start":{"line":36,"column":4},"end":{"line":36,"column":27}},"2":{"start":{"line":37,"column":4},"end":{"line":37,"column":35}},"3":{"start":{"line":49,"column":4},"end":{"line":49,"column":31}},"4":{"start":{"line":49,"column":24},"end":{"line":49,"column":31}},"5":{"start":{"line":51,"column":4},"end":{"line":51,"column":35}},"6":{"start":{"line":52,"column":4},"end":{"line":52,"column":26}},"7":{"start":{"line":55,"column":4},"end":{"line":57,"column":10}},"8":{"start":{"line":56,"column":6},"end":{"line":56,"column":37}},"9":{"start":{"line":68,"column":4},"end":{"line":68,"column":32}},"10":{"start":{"line":68,"column":25},"end":{"line":68,"column":32}},"11":{"start":{"line":70,"column":4},"end":{"line":73,"column":5}},"12":{"start":{"line":71,"column":6},"end":{"line":71,"column":40}},"13":{"start":{"line":72,"column":6},"end":{"line":72,"column":37}},"14":{"start":{"line":75,"column":4},"end":{"line":75,"column":27}},"15":{"start":{"line":106,"column":4},"end":{"line":108,"column":5}},"16":{"start":{"line":107,"column":6},"end":{"line":107,"column":77}},"17":{"start":{"line":110,"column":24},"end":{"line":110,"column":34}},"18":{"start":{"line":111,"column":16},"end":{"line":111,"column":47}},"19":{"start":{"line":112,"column":4},"end":{"line":112,"column":36}},"20":{"start":{"line":115,"column":19},"end":{"line":115,"column":78}},"21":{"start":{"line":117,"column":4},"end":{"line":127,"column":7}},"22":{"start":{"line":23,"column":0},"end":{"line":23,"column":13}}},"fnMap":{"0":{"name":"(anonymous_0)","decl":{"start":{"line":34,"column":2},"end":{"line":34,"column":14}},"loc":{"start":{"line":34,"column":28},"end":{"line":38,"column":3}}},"1":{"name":"(anonymous_1)","decl":{"start":{"line":48,"column":2},"end":{"line":48,"column":7}},"loc":{"start":{"line":48,"column":13},"end":{"line":58,"column":3}}},"2":{"name":"(anonymous_2)","decl":{"start":{"line":55,"column":37},"end":{"line":55,"column":40}},"loc":{"start":{"line":55,"column":42},"end":{"line":57,"column":5}}},"3":{"name":"(anonymous_3)","decl":{"start":{"line":67,"column":2},"end":{"line":67,"column":7}},"loc":{"start":{"line":67,"column":12},"end":{"line":76,"column":3}}},"4":{"name":"(anonymous_4)","decl":{"start":{"line":105,"column":2},"end":{"line":105,"column":7}},"loc":{"start":{"line":105,"column":15},"end":{"line":128,"column":3}}}},"branchMap":{"0":{"loc":{"start":{"line":49,"column":4},"end":{"line":49,"column":31}},"type":"if","locations":[{"start":{"line":49,"column":4},"end":{"line":49,"column":31}}]},"1":{"loc":{"start":{"line":68,"column":4},"end":{"line":68,"column":32}},"type":"if","locations":[{"start":{"line":68,"column":4},"end":{"line":68,"column":32}}]},"2":{"loc":{"start":{"line":70,"column":4},"end":{"line":73,"column":5}},"type":"if","locations":[{"start":{"line":70,"column":4},"end":{"line":73,"column":5}}]},"3":{"loc":{"start":{"line":106,"column":4},"end":{"line":108,"column":5}},"type":"if","locations":[{"start":{"line":106,"column":4},"end":{"line":108,"column":5}}]},"4":{"loc":{"start":{"line":115,"column":19},"end":{"line":115,"column":78}},"type":"cond-expr","locations":[{"start":{"line":115,"column":58},"end":{"line":115,"column":67}},{"start":{"line":115,"column":70},"end":{"line":115,"column":78}}]}},"s":{"0":4,"1":4,"2":4,"3":4,"4":0,"5":4,"6":4,"7":4,"8":10,"9":6,"10":2,"11":4,"12":4,"13":4,"14":4,"15":5,"16":2,"17":3,"18":3,"19":3,"20":3,"21":3,"22":1},"f":{"0":4,"1":4,"2":10,"3":6,"4":5},"b":{"0":[0],"1":[2],"2":[4],"3":[2],"4":[1,2]}}
,"/Users/user/projects/nova/spark/src/collectors/MemoryCollector.ts": {"path":"/Users/user/projects/nova/spark/src/collectors/MemoryCollector.ts","statementMap":{"0":{"start":{"line":33,"column":4},"end":{"line":33,"column":25}},"1":{"start":{"line":34,"column":4},"end":{"line":34,"column":24}},"2":{"start":{"line":35,"column":4},"end":{"line":35,"column":27}},"3":{"start":{"line":46,"column":4},"end":{"line":46,"column":31}},"4":{"start":{"line":46,"column":24},"end":{"line":46,"column":31}},"5":{"start":{"line":47,"column":4},"end":{"line":47,"column":30}},"6":{"start":{"line":48,"column":4},"end":{"line":48,"column":26}},"7":{"start":{"line":59,"column":4},"end":{"line":59,"column":32}},"8":{"start":{"line":59,"column":25},"end":{"line":59,"column":32}},"9":{"start":{"line":60,"column":4},"end":{"line":60,"column":30}},"10":{"start":{"line":61,"column":4},"end":{"line":61,"column":27}},"11":{"start":{"line":89,"column":4},"end":{"line":91,"column":5}},"12":{"start":{"line":90,"column":6},"end":{"line":90,"column":77}},"13":{"start":{"line":93,"column":30},"end":{"line":93,"column":32}},"14":{"start":{"line":94,"column":24},"end":{"line":94,"column":45}},"15":{"start":{"line":95,"column":22},"end":{"line":95,"column":32}},"16":{"start":{"line":98,"column":4},"end":{"line":98,"column":46}},"17":{"start":{"line":99,"column":4},"end":{"line":101,"column":5}},"18":{"start":{"line":100,"column":6},"end":{"line":100,"column":29}},"19":{"start":{"line":104,"column":23},"end":{"line":104,"column":49}},"20":{"start":{"line":106,"column":4},"end":{"line":141,"column":6}},"21":{"start":{"line":143,"column":4},"end":{"line":143,"column":19}},"22":{"start":{"line":153,"column":4},"end":{"line":153,"column":44}},"23":{"start":{"line":153,"column":35},"end":{"line":153,"column":44}},"24":{"start":{"line":155,"column":28},"end":{"line":155,"column":52}},"25":{"start":{"line":156,"column":22},"end":{"line":156,"column":23}},"26":{"start":{"line":158,"column":4},"end":{"line":160,"column":5}},"27":{"start":{"line":158,"column":17},"end":{"line":158,"column":18}},"28":{"start":{"line":159,"column":6},"end":{"line":159,"column":65}},"29":{"start":{"line":162,"column":4},"end":{"line":162,"column":54}},"30":{"start":{"line":174,"column":4},"end":{"line":174,"column":58}},"31":{"start":{"line":22,"column":0},"end":{"line":22,"column":13}}},"fnMap":{"0":{"name":"(anonymous_0)","decl":{"start":{"line":32,"column":2},"end":{"line":32,"column":14}},"loc":{"start":{"line":32,"column":28},"end":{"line":36,"column":3}}},"1":{"name":"(anonymous_1)","decl":{"start":{"line":45,"column":2},"end":{"line":45,"column":7}},"loc":{"start":{"line":45,"column":13},"end":{"line":49,"column":3}}},"2":{"name":"(anonymous_2)","decl":{"start":{"line":58,"column":2},"end":{"line":58,"column":7}},"loc":{"start":{"line":58,"column":12},"end":{"line":62,"column":3}}},"3":{"name":"(anonymous_3)","decl":{"start":{"line":88,"column":2},"end":{"line":88,"column":7}},"loc":{"start":{"line":88,"column":15},"end":{"line":144,"column":3}}},"4":{"name":"(anonymous_4)","decl":{"start":{"line":152,"column":10},"end":{"line":152,"column":29}},"loc":{"start":{"line":152,"column":29},"end":{"line":163,"column":3}}},"5":{"name":"(anonymous_5)","decl":{"start":{"line":172,"column":10},"end":{"line":172,"column":31}},"loc":{"start":{"line":172,"column":50},"end":{"line":175,"column":3}}}},"branchMap":{"0":{"loc":{"start":{"line":46,"column":4},"end":{"line":46,"column":31}},"type":"if","locations":[{"start":{"line":46,"column":4},"end":{"line":46,"column":31}}]},"1":{"loc":{"start":{"line":59,"column":4},"end":{"line":59,"column":32}},"type":"if","locations":[{"start":{"line":59,"column":4},"end":{"line":59,"column":32}}]},"2":{"loc":{"start":{"line":89,"column":4},"end":{"line":91,"column":5}},"type":"if","locations":[{"start":{"line":89,"column":4},"end":{"line":91,"column":5}}]},"3":{"loc":{"start":{"line":99,"column":4},"end":{"line":101,"column":5}},"type":"if","locations":[{"start":{"line":99,"column":4},"end":{"line":101,"column":5}}]},"4":{"loc":{"start":{"line":153,"column":4},"end":{"line":153,"column":44}},"type":"if","locations":[{"start":{"line":153,"column":4},"end":{"line":153,"column":44}}]},"5":{"loc":{"start":{"line":174,"column":11},"end":{"line":174,"column":57}},"type":"cond-expr","locations":[{"start":{"line":174,"column":37},"end":{"line":174,"column":46}},{"start":{"line":174,"column":49},"end":{"line":174,"column":57}}]}},"s":{"0":4,"1":4,"2":4,"3":4,"4":1,"5":3,"6":3,"7":5,"8":2,"9":3,"10":3,"11":6,"12":1,"13":5,"14":5,"15":5,"16":5,"17":5,"18":1,"19":5,"20":5,"21":5,"22":5,"23":2,"24":3,"25":3,"26":3,"27":3,"28":5,"29":3,"30":5,"31":1},"f":{"0":4,"1":4,"2":5,"3":6,"4":5,"5":5},"b":{"0":[1],"1":[2],"2":[1],"3":[1],"4":[2],"5":[0,5]}}
,"/Users/user/projects/nova/spark/src/core/Agent.ts": {"path":"/Users/user/projects/nova/spark/src/core/Agent.ts","statementMap":{"0":{"start":{"line":1,"column":0},"end":{"line":1,"column":38}},"1":{"start":{"line":2,"column":0},"end":{"line":2,"column":47}},"2":{"start":{"line":54,"column":4},"end":{"line":54,"column":12}},"3":{"start":{"line":55,"column":4},"end":{"line":55,"column":37}},"4":{"start":{"line":56,"column":4},"end":{"line":56,"column":32}},"5":{"start":{"line":57,"column":4},"end":{"line":57,"column":27}},"6":{"start":{"line":74,"column":4},"end":{"line":76,"column":5}},"7":{"start":{"line":75,"column":6},"end":{"line":75,"column":50}},"8":{"start":{"line":77,"column":4},"end":{"line":77,"column":41}},"9":{"start":{"line":102,"column":4},"end":{"line":102,"column":31}},"10":{"start":{"line":102,"column":24},"end":{"line":102,"column":31}},"11":{"start":{"line":104,"column":4},"end":{"line":120,"column":5}},"12":{"start":{"line":106,"column":6},"end":{"line":108,"column":7}},"13":{"start":{"line":107,"column":8},"end":{"line":107,"column":32}},"14":{"start":{"line":110,"column":6},"end":{"line":110,"column":28}},"15":{"start":{"line":113,"column":6},"end":{"line":116,"column":8}},"16":{"start":{"line":114,"column":14},"end":{"line":114,"column":28}},"17":{"start":{"line":118,"column":6},"end":{"line":118,"column":29}},"18":{"start":{"line":119,"column":6},"end":{"line":119,"column":38}},"19":{"start":{"line":145,"column":4},"end":{"line":145,"column":32}},"20":{"start":{"line":145,"column":25},"end":{"line":145,"column":32}},"21":{"start":{"line":147,"column":4},"end":{"line":162,"column":5}},"22":{"start":{"line":149,"column":6},"end":{"line":151,"column":7}},"23":{"start":{"line":150,"column":8},"end":{"line":150,"column":47}},"24":{"start":{"line":154,"column":6},"end":{"line":156,"column":7}},"25":{"start":{"line":155,"column":8},"end":{"line":155,"column":31}},"26":{"start":{"line":158,"column":6},"end":{"line":158,"column":29}},"27":{"start":{"line":161,"column":6},"end":{"line":161,"column":37}},"28":{"start":{"line":178,"column":4},"end":{"line":215,"column":5}},"29":{"start":{"line":179,"column":32},"end":{"line":179,"column":34}},"30":{"start":{"line":181,"column":6},"end":{"line":184,"column":7}},"31":{"start":{"line":182,"column":33},"end":{"line":182,"column":58}},"32":{"start":{"line":183,"column":8},"end":{"line":183,"column":42}},"33":{"start":{"line":200,"column":6},"end":{"line":200,"column":36}},"34":{"start":{"line":214,"column":6},"end":{"line":214,"column":32}},"35":{"start":{"line":231,"column":4},"end":{"line":239,"column":7}},"36":{"start":{"line":32,"column":0},"end":{"line":32,"column":13}}},"fnMap":{"0":{"name":"(anonymous_0)","decl":{"start":{"line":53,"column":2},"end":{"line":53,"column":14}},"loc":{"start":{"line":53,"column":34},"end":{"line":58,"column":3}}},"1":{"name":"(anonymous_1)","decl":{"start":{"line":73,"column":9},"end":{"line":73,"column":26}},"loc":{"start":{"line":73,"column":61},"end":{"line":78,"column":3}}},"2":{"name":"(anonymous_2)","decl":{"start":{"line":101,"column":9},"end":{"line":101,"column":14}},"loc":{"start":{"line":101,"column":20},"end":{"line":121,"column":3}}},"3":{"name":"(anonymous_3)","decl":{"start":{"line":114,"column":8},"end":{"line":114,"column":11}},"loc":{"start":{"line":114,"column":14},"end":{"line":114,"column":28}}},"4":{"name":"(anonymous_4)","decl":{"start":{"line":144,"column":9},"end":{"line":144,"column":14}},"loc":{"start":{"line":144,"column":19},"end":{"line":163,"column":3}}},"5":{"name":"(anonymous_5)","decl":{"start":{"line":177,"column":10},"end":{"line":177,"column":15}},"loc":{"start":{"line":177,"column":23},"end":{"line":216,"column":3}}},"6":{"name":"(anonymous_6)","decl":{"start":{"line":229,"column":9},"end":{"line":229,"column":18}},"loc":{"start":{"line":229,"column":18},"end":{"line":240,"column":3}}}},"branchMap":{"0":{"loc":{"start":{"line":74,"column":4},"end":{"line":76,"column":5}},"type":"if","locations":[{"start":{"line":74,"column":4},"end":{"line":76,"column":5}}]},"1":{"loc":{"start":{"line":102,"column":4},"end":{"line":102,"column":31}},"type":"if","locations":[{"start":{"line":102,"column":4},"end":{"line":102,"column":31}}]},"2":{"loc":{"start":{"line":145,"column":4},"end":{"line":145,"column":32}},"type":"if","locations":[{"start":{"line":145,"column":4},"end":{"line":145,"column":32}}]},"3":{"loc":{"start":{"line":149,"column":6},"end":{"line":151,"column":7}},"type":"if","locations":[{"start":{"line":149,"column":6},"end":{"line":151,"column":7}}]}},"s":{"0":1,"1":1,"2":10,"3":10,"4":10,"5":10,"6":10,"7":1,"8":9,"9":9,"10":1,"11":8,"12":8,"13":8,"14":7,"15":7,"16":4,"17":1,"18":1,"19":13,"20":6,"21":7,"22":7,"23":7,"24":7,"25":7,"26":7,"27":0,"28":4,"29":4,"30":4,"31":4,"32":3,"33":3,"34":1,"35":1,"36":1},"f":{"0":10,"1":10,"2":9,"3":4,"4":13,"5":4,"6":1},"b":{"0":[1],"1":[1],"2":[6],"3":[7]}}
,"/Users/user/projects/nova/spark/src/core/Config.ts": {"path":"/Users/user/projects/nova/spark/src/core/Config.ts","statementMap":{"0":{"start":{"line":155,"column":4},"end":{"line":155,"column":56}},"1":{"start":{"line":156,"column":4},"end":{"line":156,"column":42}},"2":{"start":{"line":157,"column":4},"end":{"line":157,"column":62}},"3":{"start":{"line":158,"column":4},"end":{"line":158,"column":67}},"4":{"start":{"line":159,"column":4},"end":{"line":159,"column":63}},"5":{"start":{"line":160,"column":4},"end":{"line":160,"column":62}},"6":{"start":{"line":161,"column":4},"end":{"line":161,"column":47}},"7":{"start":{"line":164,"column":4},"end":{"line":164,"column":24}},"8":{"start":{"line":167,"column":4},"end":{"line":167,"column":26}},"9":{"start":{"line":179,"column":4},"end":{"line":181,"column":5}},"10":{"start":{"line":180,"column":6},"end":{"line":180,"column":63}},"11":{"start":{"line":182,"column":4},"end":{"line":184,"column":5}},"12":{"start":{"line":183,"column":6},"end":{"line":183,"column":67}},"13":{"start":{"line":185,"column":4},"end":{"line":187,"column":5}},"14":{"start":{"line":186,"column":6},"end":{"line":186,"column":69}},"15":{"start":{"line":188,"column":4},"end":{"line":190,"column":5}},"16":{"start":{"line":189,"column":6},"end":{"line":189,"column":67}},"17":{"start":{"line":191,"column":4},"end":{"line":193,"column":5}},"18":{"start":{"line":192,"column":6},"end":{"line":192,"column":66}},"19":{"start":{"line":90,"column":0},"end":{"line":90,"column":13}}},"fnMap":{"0":{"name":"(anonymous_0)","decl":{"start":{"line":154,"column":2},"end":{"line":154,"column":14}},"loc":{"start":{"line":154,"column":38},"end":{"line":168,"column":3}}},"1":{"name":"(anonymous_1)","decl":{"start":{"line":178,"column":10},"end":{"line":178,"column":24}},"loc":{"start":{"line":178,"column":24},"end":{"line":194,"column":3}}}},"branchMap":{"0":{"loc":{"start":{"line":154,"column":14},"end":{"line":154,"column":38}},"type":"default-arg","locations":[{"start":{"line":154,"column":36},"end":{"line":154,"column":38}}]},"1":{"loc":{"start":{"line":155,"column":26},"end":{"line":155,"column":55}},"type":"binary-expr","locations":[{"start":{"line":155,"column":26},"end":{"line":155,"column":47}},{"start":{"line":155,"column":51},"end":{"line":155,"column":55}}]},"2":{"loc":{"start":{"line":156,"column":19},"end":{"line":156,"column":41}},"type":"binary-expr","locations":[{"start":{"line":156,"column":19},"end":{"line":156,"column":33}},{"start":{"line":156,"column":37},"end":{"line":156,"column":41}}]},"3":{"loc":{"start":{"line":157,"column":30},"end":{"line":157,"column":61}},"type":"binary-expr","locations":[{"start":{"line":157,"column":30},"end":{"line":157,"column":55}},{"start":{"line":157,"column":59},"end":{"line":157,"column":61}}]},"4":{"loc":{"start":{"line":158,"column":32},"end":{"line":158,"column":66}},"type":"binary-expr","locations":[{"start":{"line":158,"column":32},"end":{"line":158,"column":59}},{"start":{"line":158,"column":63},"end":{"line":158,"column":66}}]},"5":{"loc":{"start":{"line":159,"column":30},"end":{"line":159,"column":62}},"type":"binary-expr","locations":[{"start":{"line":159,"column":30},"end":{"line":159,"column":55}},{"start":{"line":159,"column":59},"end":{"line":159,"column":62}}]},"6":{"loc":{"start":{"line":160,"column":29},"end":{"line":160,"column":61}},"type":"binary-expr","locations":[{"start":{"line":160,"column":29},"end":{"line":160,"column":53}},{"start":{"line":160,"column":57},"end":{"line":160,"column":61}}]},"7":{"loc":{"start":{"line":161,"column":21},"end":{"line":161,"column":46}},"type":"binary-expr","locations":[{"start":{"line":161,"column":21},"end":{"line":161,"column":37}},{"start":{"line":161,"column":41},"end":{"line":161,"column":46}}]},"8":{"loc":{"start":{"line":179,"column":4},"end":{"line":181,"column":5}},"type":"if","locations":[{"start":{"line":179,"column":4},"end":{"line":181,"column":5}}]},"9":{"loc":{"start":{"line":182,"column":4},"end":{"line":184,"column":5}},"type":"if","locations":[{"start":{"line":182,"column":4},"end":{"line":184,"column":5}}]},"10":{"loc":{"start":{"line":185,"column":4},"end":{"line":187,"column":5}},"type":"if","locations":[{"start":{"line":185,"column":4},"end":{"line":187,"column":5}}]},"11":{"loc":{"start":{"line":188,"column":4},"end":{"line":190,"column":5}},"type":"if","locations":[{"start":{"line":188,"column":4},"end":{"line":190,"column":5}}]},"12":{"loc":{"start":{"line":191,"column":4},"end":{"line":193,"column":5}},"type":"if","locations":[{"start":{"line":191,"column":4},"end":{"line":193,"column":5}}]}},"s":{"0":40,"1":40,"2":40,"3":40,"4":40,"5":40,"6":40,"7":40,"8":40,"9":40,"10":1,"11":39,"12":1,"13":38,"14":1,"15":37,"16":1,"17":36,"18":1,"19":6},"f":{"0":40,"1":40},"b":{"0":[3],"1":[40,27],"2":[40,39],"3":[40,33],"4":[40,33],"5":[40,34],"6":[40,31],"7":[40,38],"8":[1],"9":[1],"10":[1],"11":[1],"12":[1]}}
,"/Users/user/projects/nova/spark/src/streaming/MetricsStream.ts": {"path":"/Users/user/projects/nova/spark/src/streaming/MetricsStream.ts","statementMap":{"0":{"start":{"line":3,"column":0},"end":{"line":3,"column":38}},"1":{"start":{"line":37,"column":4},"end":{"line":37,"column":12}},"2":{"start":{"line":38,"column":4},"end":{"line":38,"column":25}},"3":{"start":{"line":39,"column":4},"end":{"line":39,"column":21}},"4":{"start":{"line":63,"column":29},"end":{"line":63,"column":80}},"5":{"start":{"line":63,"column":51},"end":{"line":63,"column":79}},"6":{"start":{"line":64,"column":4},"end":{"line":64,"column":42}},"7":{"start":{"line":66,"column":4},"end":{"line":68,"column":5}},"8":{"start":{"line":67,"column":6},"end":{"line":67,"column":19}},"9":{"start":{"line":79,"column":4},"end":{"line":90,"column":5}},"10":{"start":{"line":87,"column":29},"end":{"line":87,"column":60}},"11":{"start":{"line":88,"column":7},"end":{"line":88,"column":40}},"12":{"start":{"line":89,"column":7},"end":{"line":89,"column":30}},"13":{"start":{"line":99,"column":4},"end":{"line":99,"column":27}},"14":{"start":{"line":27,"column":0},"end":{"line":27,"column":13}}},"fnMap":{"0":{"name":"(anonymous_0)","decl":{"start":{"line":36,"column":2},"end":{"line":36,"column":14}},"loc":{"start":{"line":36,"column":28},"end":{"line":40,"column":3}}},"1":{"name":"(anonymous_1)","decl":{"start":{"line":61,"column":9},"end":{"line":61,"column":13}},"loc":{"start":{"line":61,"column":31},"end":{"line":69,"column":3}}},"2":{"name":"(anonymous_2)","decl":{"start":{"line":63,"column":41},"end":{"line":63,"column":47}},"loc":{"start":{"line":63,"column":51},"end":{"line":63,"column":79}}},"3":{"name":"(anonymous_3)","decl":{"start":{"line":78,"column":9},"end":{"line":78,"column":14}},"loc":{"start":{"line":78,"column":14},"end":{"line":91,"column":3}}},"4":{"name":"(anonymous_4)","decl":{"start":{"line":98,"column":9},"end":{"line":98,"column":14}},"loc":{"start":{"line":98,"column":14},"end":{"line":100,"column":3}}}},"branchMap":{"0":{"loc":{"start":{"line":66,"column":4},"end":{"line":68,"column":5}},"type":"if","locations":[{"start":{"line":66,"column":4},"end":{"line":68,"column":5}}]},"1":{"loc":{"start":{"line":79,"column":4},"end":{"line":90,"column":5}},"type":"if","locations":[{"start":{"line":79,"column":4},"end":{"line":90,"column":5}}]}},"s":{"0":1,"1":8,"2":8,"3":8,"4":12,"5":12,"6":12,"7":12,"8":2,"9":9,"10":6,"11":6,"12":6,"13":1,"14":1},"f":{"0":8,"1":12,"2":12,"3":9,"4":1},"b":{"0":[2],"1":[6]}}
}
