TN:
SF:src/collectors/CpuCollector.ts
FN:34,(anonymous_0)
FN:48,(anonymous_1)
FN:63,(anonymous_2)
FN:101,(anonymous_3)
FNF:4
FNH:4
FNDA:5,(anonymous_0)
FNDA:5,(anonymous_1)
FNDA:7,(anonymous_2)
FNDA:6,(anonymous_3)
DA:22,1
DA:35,5
DA:36,5
DA:37,5
DA:38,5
DA:49,5
DA:51,5
DA:52,5
DA:53,5
DA:64,7
DA:66,5
DA:67,5
DA:68,5
DA:102,6
DA:103,2
DA:106,4
DA:107,4
DA:108,4
DA:110,4
DA:111,4
DA:112,4
DA:114,4
DA:115,4
DA:117,4
LF:24
LH:24
BRDA:49,0,0,0
BRDA:64,1,0,2
BRDA:102,2,0,2
BRDA:102,3,0,6
BRDA:102,3,1,4
BRDA:102,3,2,4
BRF:6
BRH:5
end_of_record
TN:
SF:src/collectors/EventLoopCollector.ts
FN:34,(anonymous_0)
FN:48,(anonymous_1)
FN:55,(anonymous_2)
FN:67,(anonymous_3)
FN:105,(anonymous_4)
FNF:5
FNH:5
FNDA:4,(anonymous_0)
FNDA:4,(anonymous_1)
FNDA:10,(anonymous_2)
FNDA:6,(anonymous_3)
FNDA:5,(anonymous_4)
DA:23,1
DA:35,4
DA:36,4
DA:37,4
DA:49,4
DA:51,4
DA:52,4
DA:55,4
DA:56,10
DA:68,6
DA:70,4
DA:71,4
DA:72,4
DA:75,4
DA:106,5
DA:107,2
DA:110,3
DA:111,3
DA:112,3
DA:115,3
DA:117,3
LF:21
LH:21
BRDA:49,0,0,0
BRDA:68,1,0,2
BRDA:70,2,0,4
BRDA:106,3,0,2
BRDA:115,4,0,1
BRDA:115,4,1,2
BRF:6
BRH:5
end_of_record
TN:
SF:src/collectors/MemoryCollector.ts
FN:32,(anonymous_0)
FN:45,(anonymous_1)
FN:58,(anonymous_2)
FN:88,(anonymous_3)
FN:152,(anonymous_4)
FN:172,(anonymous_5)
FNF:6
FNH:6
FNDA:4,(anonymous_0)
FNDA:4,(anonymous_1)
FNDA:5,(anonymous_2)
FNDA:6,(anonymous_3)
FNDA:5,(anonymous_4)
FNDA:5,(anonymous_5)
DA:22,1
DA:33,4
DA:34,4
DA:35,4
DA:46,4
DA:47,3
DA:48,3
DA:59,5
DA:60,3
DA:61,3
DA:89,6
DA:90,1
DA:93,5
DA:94,5
DA:95,5
DA:98,5
DA:99,5
DA:100,1
DA:104,5
DA:106,5
DA:143,5
DA:153,5
DA:155,3
DA:156,3
DA:158,3
DA:159,5
DA:162,3
DA:174,5
LF:28
LH:28
BRDA:46,0,0,1
BRDA:59,1,0,2
BRDA:89,2,0,1
BRDA:99,3,0,1
BRDA:153,4,0,2
BRDA:174,5,0,0
BRDA:174,5,1,5
BRF:7
BRH:6
end_of_record
TN:
SF:src/core/Agent.ts
FN:53,(anonymous_0)
FN:73,(anonymous_1)
FN:101,(anonymous_2)
FN:114,(anonymous_3)
FN:144,(anonymous_4)
FN:177,(anonymous_5)
FN:229,(anonymous_6)
FNF:7
FNH:7
FNDA:10,(anonymous_0)
FNDA:10,(anonymous_1)
FNDA:9,(anonymous_2)
FNDA:4,(anonymous_3)
FNDA:13,(anonymous_4)
FNDA:4,(anonymous_5)
FNDA:1,(anonymous_6)
DA:1,1
DA:2,1
DA:32,1
DA:54,10
DA:55,10
DA:56,10
DA:57,10
DA:74,10
DA:75,1
DA:77,9
DA:102,9
DA:104,8
DA:106,8
DA:107,8
DA:110,7
DA:113,7
DA:114,4
DA:118,1
DA:119,1
DA:145,13
DA:147,7
DA:149,7
DA:150,7
DA:154,7
DA:155,7
DA:158,7
DA:161,0
DA:178,4
DA:179,4
DA:181,4
DA:182,4
DA:183,3
DA:200,3
DA:214,1
DA:231,1
LF:35
LH:34
BRDA:74,0,0,1
BRDA:102,1,0,1
BRDA:145,2,0,6
BRDA:149,3,0,7
BRF:4
BRH:4
end_of_record
TN:
SF:src/core/Config.ts
FN:154,(anonymous_0)
FN:178,(anonymous_1)
FNF:2
FNH:2
FNDA:40,(anonymous_0)
FNDA:40,(anonymous_1)
DA:90,6
DA:155,40
DA:156,40
DA:157,40
DA:158,40
DA:159,40
DA:160,40
DA:161,40
DA:164,40
DA:167,40
DA:179,40
DA:180,1
DA:182,39
DA:183,1
DA:185,38
DA:186,1
DA:188,37
DA:189,1
DA:191,36
DA:192,1
LF:20
LH:20
BRDA:154,0,0,3
BRDA:155,1,0,40
BRDA:155,1,1,27
BRDA:156,2,0,40
BRDA:156,2,1,39
BRDA:157,3,0,40
BRDA:157,3,1,33
BRDA:158,4,0,40
BRDA:158,4,1,33
BRDA:159,5,0,40
BRDA:159,5,1,34
BRDA:160,6,0,40
BRDA:160,6,1,31
BRDA:161,7,0,40
BRDA:161,7,1,38
BRDA:179,8,0,1
BRDA:182,9,0,1
BRDA:185,10,0,1
BRDA:188,11,0,1
BRDA:191,12,0,1
BRF:20
BRH:20
end_of_record
TN:
SF:src/streaming/MetricsStream.ts
FN:36,(anonymous_0)
FN:61,(anonymous_1)
FN:63,(anonymous_2)
FN:78,(anonymous_3)
FN:98,(anonymous_4)
FNF:5
FNH:5
FNDA:8,(anonymous_0)
FNDA:12,(anonymous_1)
FNDA:12,(anonymous_2)
FNDA:9,(anonymous_3)
FNDA:1,(anonymous_4)
DA:3,1
DA:27,1
DA:37,8
DA:38,8
DA:39,8
DA:63,12
DA:64,12
DA:66,12
DA:67,2
DA:79,9
DA:87,6
DA:88,6
DA:89,6
DA:99,1
LF:14
LH:14
BRDA:66,0,0,2
BRDA:79,1,0,6
BRF:2
BRH:2
end_of_record
